Created stack 'production'
Updating (production):
    pulumi:pulumi:Stack did-you-em-dash-production  warning: using pulumi-language-nodejs from $PATH at /opt/homebrew/bin/pulumi-language-nodejs
@ updating....
Downloading plugin cloudflare-6.2.0: starting
@ updating....
Downloading plugin cloudflare-6.2.0: done
Installing plugin cloudflare-6.2.0: starting
Installing plugin cloudflare-6.2.0: done

@ updating....
 +  pulumi:pulumi:Stack did-you-em-dash-production creating (0s) warning: using pulumi-language-nodejs from $PATH at /opt/homebrew/bin/pulumi-language-nodejs
@ updating....
 +  sst:sst:LinkRef EmDashSiteLinkRef creating (0s) 
 +  sst:aws:StaticSite EmDashSite creating (0s) 
@ updating..........
 +  pulumi:providers:aws AwsProvider.sst.us-east-1 creating (0s) 
 +  pulumi:providers:aws AwsProvider.sst.us-east-1 created (0.00s) 
 +  sst:aws:CDN EmDashSiteCdn creating (0s) 
 +  sst:aws:Certificate EmDashSiteCdnSsl creating (0s) 
 +  sst:aws:Bucket EmDashSiteAssets creating (0s) 
@ updating....
 +  aws:cloudfront:KeyValueStore EmDashSiteKvStore creating (0s) 
 +  aws:acm:Certificate EmDashSiteCdnSslCertificate creating (0s) 
 +  command:local:Command EmDashSiteBuilder creating (0s) 
 +  aws:s3:BucketV2 EmDashSiteAssetsBucket creating (0s) 
 +  command:local:Command EmDashSiteBuilder creating (0s) 
 +  command:local:Command EmDashSiteBuilder creating (0s) > did-you-em-dash@0.0.1 build
 +  command:local:Command EmDashSiteBuilder creating (0s) > astro build
 +  command:local:Command EmDashSiteBuilder creating (0s) 
@ updating....
 +  command:local:Command EmDashSiteBuilder creating (0s) 14:11:56 [vite] Re-optimizing dependencies because lockfile has changed
 +  command:local:Command EmDashSiteBuilder creating (0s) 14:11:56 [content] Syncing content
 +  command:local:Command EmDashSiteBuilder creating (0s) 14:11:56 [content] Synced content
 +  command:local:Command EmDashSiteBuilder creating (0s) 14:11:56 [types] Generated 114ms
 +  command:local:Command EmDashSiteBuilder creating (0s) 14:11:56 [build] output: "static"
 +  command:local:Command EmDashSiteBuilder creating (0s) 14:11:56 [build] mode: "static"
 +  command:local:Command EmDashSiteBuilder creating (0s) 14:11:56 [build] directory: /Users/ramos/emdash/did-you-em-dash/dist/
 +  command:local:Command EmDashSiteBuilder creating (0s) 14:11:56 [build] Collecting build info...
 +  command:local:Command EmDashSiteBuilder creating (0s) 14:11:56 [build] ✓ Completed in 120ms.
 +  command:local:Command EmDashSiteBuilder creating (1s) 14:11:56 [build] Building static entrypoints...
 +  command:local:Command EmDashSiteBuilder creating (1s) 14:11:56 [vite] ✓ built in 302ms
 +  command:local:Command EmDashSiteBuilder creating (1s) 14:11:56 [build] ✓ Completed in 320ms.
 +  command:local:Command EmDashSiteBuilder creating (1s) 
 +  command:local:Command EmDashSiteBuilder creating (1s)  building client (vite) 
 +  command:local:Command EmDashSiteBuilder creating (1s) 14:11:56 [vite] transforming...
 +  command:local:Command EmDashSiteBuilder creating (1s) 14:11:56 [vite] ✓ 28 modules transformed.
 +  command:local:Command EmDashSiteBuilder creating (1s) 14:11:56 [vite] rendering chunks...
 +  command:local:Command EmDashSiteBuilder creating (1s) 14:11:56 [vite] computing gzip size...
 +  command:local:Command EmDashSiteBuilder creating (1s) 14:11:57 [vite] dist/_astro/index.BVOCwoKb.js     7.88 kB │ gzip:  3.05 kB
 +  command:local:Command EmDashSiteBuilder creating (1s) 14:11:57 [vite] dist/_astro/App.M4g9-hH9.js      12.48 kB │ gzip:  4.55 kB
 +  command:local:Command EmDashSiteBuilder creating (1s) 14:11:57 [vite] dist/_astro/client.BPIbHqJh.js  179.41 kB │ gzip: 56.60 kB
 +  command:local:Command EmDashSiteBuilder creating (1s) 14:11:57 [vite] ✓ built in 379ms
 +  command:local:Command EmDashSiteBuilder creating (1s) 
 +  command:local:Command EmDashSiteBuilder creating (1s)  generating static routes 
 +  command:local:Command EmDashSiteBuilder creating (1s) 14:11:57 ▶ src/pages/index.astro
@ updating....
 +  command:local:Command EmDashSiteBuilder creating (1s) 14:11:57   └─ /index.html (+10ms) 
 +  command:local:Command EmDashSiteBuilder creating (1s) 14:11:57 ✓ Completed in 22ms.
 +  command:local:Command EmDashSiteBuilder creating (1s) 
 +  command:local:Command EmDashSiteBuilder creating (1s) 14:11:57 [build] 1 page(s) built in 849ms
 +  command:local:Command EmDashSiteBuilder creating (1s) 14:11:57 [build] Complete!
 +  command:local:Command EmDashSiteBuilder created (1s) 14:11:57 [build] Complete!
 +  aws:s3:BucketV2 EmDashSiteAssetsBucket created (1s) 
 +  aws:s3:BucketPublicAccessBlock EmDashSiteAssetsPublicAccessBlock creating (0s) 
 +  aws:s3:BucketCorsConfigurationV2 EmDashSiteAssetsCors creating (0s) 
 +  aws:s3:BucketPublicAccessBlock EmDashSiteAssetsPublicAccessBlock created (0.18s) 
 +  aws:s3:BucketPolicy EmDashSiteAssetsPolicy creating (0s) 
 +  aws:s3:BucketCorsConfigurationV2 EmDashSiteAssetsCors created (0.53s) 
 +  aws:s3:BucketPolicy EmDashSiteAssetsPolicy created (0.42s) 
 +  pulumi:pulumi:Stack did-you-em-dash-production creating (11s) warning: using pulumi-resource-pulumi-nodejs from $PATH at /opt/homebrew/bin/pulumi-resource-pulumi-nodejs
@ updating....
 +  pulumi-nodejs:dynamic:Resource EmDashSiteAssetFiles.sst.aws.BucketFiles creating (0s) 
 +  pulumi-nodejs:dynamic:Resource EmDashSiteAssetFiles.sst.aws.BucketFiles created (0.46s) 
@ updating......
 +  aws:acm:Certificate EmDashSiteCdnSslCertificate created (6s) 
 +  pulumi-nodejs:dynamic:Resource EmDashSiteCdnSslCNAMEZoneLookupA04b0b3461d6171bda53a10a570607e0didyouemdashcom.sst.aws.HostedZoneLookup creating (0s) 
@ updating....
 +  pulumi-nodejs:dynamic:Resource EmDashSiteCdnSslCNAMEZoneLookupA04b0b3461d6171bda53a10a570607e0didyouemdashcom.sst.aws.HostedZoneLookup created (0.45s) 
 +  aws:route53:Record EmDashSiteCdnSslCNAMERecordA04b0b3461d6171bda53a10a570607e0didyouemdashcom creating (0s) 
@ updating.................................
 +  aws:route53:Record EmDashSiteCdnSslCNAMERecordA04b0b3461d6171bda53a10a570607e0didyouemdashcom created (30s) 
 +  aws:acm:CertificateValidation EmDashSiteCdnSslValidation creating (0s) 
@ updating....
 +  aws:acm:CertificateValidation EmDashSiteCdnSslValidation created (0.52s) 
@ updating..........................................
 +  aws:cloudfront:KeyValueStore EmDashSiteKvStore created (77s) 
 +  pulumi-nodejs:dynamic:Resource EmDashSiteKvKeys.sst.aws.KvKeys creating (0s) 
 +  aws:cloudfront:Function EmDashSiteCloudfrontFunctionRequest creating (0s) 
 +  pulumi-nodejs:dynamic:Resource EmDashSiteKvKeys.sst.aws.KvKeys created (0.53s) 
@ updating.....
 +  aws:cloudfront:Function EmDashSiteCloudfrontFunctionRequest created (2s) 
 +  aws:cloudfront:Distribution EmDashSiteCdnDistribution creating (0s) 
@ updating.....
 +  aws:cloudfront:Distribution EmDashSiteCdnDistribution created (1s) 
 +  pulumi-nodejs:dynamic:Resource EmDashSiteCdnWaiter.sst.aws.DistributionDeploymentWaiter creating (0s) 
 +  pulumi-nodejs:dynamic:Resource EmDashSiteCdnAAAAZoneLookupDidyouemdashcom.sst.aws.HostedZoneLookup creating (0s) 
 +  pulumi-nodejs:dynamic:Resource EmDashSiteCdnAZoneLookupDidyouemdashcom.sst.aws.HostedZoneLookup creating (0s) 
 +  pulumi-nodejs:dynamic:Resource EmDashSiteInvalidation.sst.aws.DistributionInvalidation creating (0s) 
@ updating....
 +  pulumi-nodejs:dynamic:Resource EmDashSiteCdnAZoneLookupDidyouemdashcom.sst.aws.HostedZoneLookup created (0.31s) 
 +  pulumi-nodejs:dynamic:Resource EmDashSiteCdnAAAAZoneLookupDidyouemdashcom.sst.aws.HostedZoneLookup created (0.32s) 
 +  aws:route53:Record EmDashSiteCdnARecordDidyouemdashcom creating (0s) 
 +  aws:route53:Record EmDashSiteCdnAAAARecordDidyouemdashcom creating (0s) 
 +  pulumi-nodejs:dynamic:Resource EmDashSiteInvalidation.sst.aws.DistributionInvalidation created (0.45s) 
@ updating............................
 +  aws:route53:Record EmDashSiteCdnARecordDidyouemdashcom created (25s) 
@ updating.......
 +  aws:route53:Record EmDashSiteCdnAAAARecordDidyouemdashcom created (29s) 
@ updating.........................................................................................................................................................................................................................................
 +  pulumi-nodejs:dynamic:Resource EmDashSiteCdnWaiter.sst.aws.DistributionDeploymentWaiter created (259s) 
 +  pulumi:pulumi:Stack did-you-em-dash-production created (349s) 2 warnings
Diagnostics:
  pulumi:pulumi:Stack (did-you-em-dash-production):
    warning: using pulumi-language-nodejs from $PATH at /opt/homebrew/bin/pulumi-language-nodejs
    warning: using pulumi-resource-pulumi-nodejs from $PATH at /opt/homebrew/bin/pulumi-resource-pulumi-nodejs

Outputs:
    _protect: false

Resources:
    + 27 created

Duration: 5m51s

