time=2025-06-13T14:11:33.850-07:00 level=INFO msg="checking for pulumi" path="/Users/ramos/Library/Application Support/sst/bin/pulumi"
time=2025-06-13T14:11:34.086-07:00 level=INFO msg="checking for bun" path="/Users/ramos/Library/Application Support/sst/bin/bun"
time=2025-06-13T14:11:34.095-07:00 level=INFO msg="initializing project" version=3.17.5
time=2025-06-13T14:11:34.096-07:00 level=INFO msg="esbuild building" out=/Users/ramos/emdash/did-you-em-dash/.sst/platform/sst.config.1749849094096.mjs
time=2025-06-13T14:11:34.103-07:00 level=INFO msg="esbuild built" outfile=/Users/ramos/emdash/did-you-em-dash/.sst/platform/sst.config.1749849094096.mjs
time=2025-06-13T14:11:34.103-07:00 level=INFO msg="evaluating config"
time=2025-06-13T14:11:34.156-07:00 level=INFO msg="config evaluated"
time=2025-06-13T14:11:34.156-07:00 level=INFO msg="checking platform"
time=2025-06-13T14:11:34.156-07:00 level=ERROR msg="open /Users/ramos/emdash/did-you-em-dash/.sst/platform/version: no such file or directory"
time=2025-06-13T14:11:34.156-07:00 level=INFO msg="installing platform"
time=2025-06-13T14:11:34.212-07:00 level=INFO msg="installing deps"
time=2025-06-13T14:11:34.213-07:00 level=INFO msg="getting package" name=@sst-provider/aws version=latest
time=2025-06-13T14:11:34.335-07:00 level=INFO msg="getting package" name=@pulumi/aws version=latest
time=2025-06-13T14:11:34.499-07:00 level=INFO msg="writing package.json"
time=2025-06-13T14:11:34.499-07:00 level=INFO msg="adding dependency" name=aws
time=2025-06-13T14:11:34.500-07:00 level=INFO msg="fetching deps"
time=2025-06-13T14:11:37.095-07:00 level=INFO msg="writing types"
time=2025-06-13T14:11:37.096-07:00 level=INFO msg="loading home"
time=2025-06-13T14:11:37.097-07:00 level=INFO msg="aws credentials found" region=us-west-2 profile=""
time=2025-06-13T14:11:37.097-07:00 level=INFO msg="fetching bootstrap"
time=2025-06-13T14:11:37.383-07:00 level=INFO msg="running bootstrap step" step=0
time=2025-06-13T14:11:37.384-07:00 level=INFO msg="creating bootstrap bucket" name=sst-asset-rtntbmhchnao
time=2025-06-13T14:11:39.507-07:00 level=INFO msg="running bootstrap step" step=1
time=2025-06-13T14:11:39.507-07:00 level=INFO msg="creating bootstrap ECR repo" name=sst-asset
time=2025-06-13T14:11:39.906-07:00 level=INFO msg="running bootstrap step" step=2
time=2025-06-13T14:11:39.907-07:00 level=INFO msg="cleaning up old bootstrap bucket" name=sst-asset-rtntbmhchnao
time=2025-06-13T14:11:40.085-07:00 level=INFO msg="running bootstrap step" step=3
time=2025-06-13T14:11:40.086-07:00 level=INFO msg="enforcing SSL for bucket" name=sst-asset-rtntbmhchnao
time=2025-06-13T14:11:40.475-07:00 level=INFO msg="enforcing SSL for bucket" name=sst-state-rtntbmhchnao
time=2025-06-13T14:11:40.880-07:00 level=INFO msg="running bootstrap step" step=4
time=2025-06-13T14:11:40.968-07:00 level=INFO msg="loaded config" app=did-you-em-dash stage=production
time=2025-06-13T14:11:40.972-07:00 level=INFO msg="initializing ui" isTTY=true
time=2025-06-13T14:11:40.974-07:00 level=INFO msg="server port assigned" port=13557
time=2025-06-13T14:11:40.975-07:00 level=INFO msg=starting service=server
time=2025-06-13T14:11:40.975-07:00 level=INFO msg="running stack command" service=project.run cmd=deploy
time=2025-06-13T14:11:40.976-07:00 level=INFO msg="INFO locking app=did-you-em-dash stage=production"
time=2025-06-13T14:11:40.976-07:00 level=INFO msg="INFO getting data key=lock app=did-you-em-dash stage=production"
time=2025-06-13T14:11:40.978-07:00 level=INFO msg=server service=server addr=0.0.0.0:13557
time=2025-06-13T14:11:41.285-07:00 level=INFO msg="INFO putting update app=did-you-em-dash stage=production"
time=2025-06-13T14:11:41.447-07:00 level=INFO msg="INFO getting passphrase app=did-you-em-dash stage=production"
time=2025-06-13T14:11:41.623-07:00 level=INFO msg="INFO passphrase not found, setting passphrase app=did-you-em-dash stage=production"
time=2025-06-13T14:11:42.019-07:00 level=INFO msg="INFO pulling state app=did-you-em-dash stage=production out=/Users/ramos/emdash/did-you-em-dash/.sst/pulumi/fe6894ddad50f8d7c03bf78e/.pulumi/stacks/did-you-em-dash/production.json"
time=2025-06-13T14:11:42.586-07:00 level=INFO msg="got previous deployment" service=project.run updateID=fe6894ddad50f8d7c03bf78e
time=2025-06-13T14:11:42.586-07:00 level=INFO msg="esbuild building" out=/Users/ramos/emdash/did-you-em-dash/.sst/platform/sst.config.1749849102017.mjs
time=2025-06-13T14:11:42.617-07:00 level=INFO msg="esbuild built" outfile=/Users/ramos/emdash/did-you-em-dash/.sst/platform/sst.config.1749849102017.mjs
time=2025-06-13T14:11:42.622-07:00 level=INFO msg="built sst.config.ts" service=project.run updateID=fe6894ddad50f8d7c03bf78e to=/Users/ramos/emdash/did-you-em-dash/.sst/platform/sst.config.1749849102017.mjs
time=2025-06-13T14:11:42.624-07:00 level=INFO msg="tracked files" service=project.run updateID=fe6894ddad50f8d7c03bf78e
time=2025-06-13T14:11:42.624-07:00 level=INFO msg="INFO getting data key=secret app=did-you-em-dash stage=_fallback"
time=2025-06-13T14:11:42.624-07:00 level=INFO msg="INFO getting data key=secret app=did-you-em-dash stage=production"
time=2025-06-13T14:11:42.776-07:00 level=INFO msg="starting pulumi" service=project.run updateID=fe6894ddad50f8d7c03bf78e args="[/Users/ramos/Library/Application Support/sst/bin/pulumi up --yes -f --stack organization/did-you-em-dash/production --non-interactive --event-log /Users/ramos/emdash/did-you-em-dash/.sst/pulumi/fe6894ddad50f8d7c03bf78e/eventlog.json --config aws:defaultTags={\"tags\":{\"sst:app\":\"did-you-em-dash\",\"sst:stage\":\"production\"}} --config aws:region=us-west-2]"
time=2025-06-13T14:11:47.777-07:00 level=INFO msg="INFO pushing partial state updateID=fe6894ddad50f8d7c03bf78e"
time=2025-06-13T14:11:54.099-07:00 level=INFO msg="INFO pushing partial state updateID=fe6894ddad50f8d7c03bf78e"
time=2025-06-13T14:11:55.009-07:00 level=INFO msg="INFO pushing partial state updateID=fe6894ddad50f8d7c03bf78e"
time=2025-06-13T14:11:55.313-07:00 level=INFO msg="INFO pushing partial state updateID=fe6894ddad50f8d7c03bf78e"
time=2025-06-13T14:11:57.130-07:00 level=INFO msg="INFO pushing partial state updateID=fe6894ddad50f8d7c03bf78e"
time=2025-06-13T14:11:57.332-07:00 level=INFO msg="INFO pushing partial state updateID=fe6894ddad50f8d7c03bf78e"
time=2025-06-13T14:11:57.534-07:00 level=INFO msg="INFO pushing partial state updateID=fe6894ddad50f8d7c03bf78e"
time=2025-06-13T14:11:57.836-07:00 level=INFO msg="INFO pushing partial state updateID=fe6894ddad50f8d7c03bf78e"
time=2025-06-13T14:11:58.039-07:00 level=INFO msg="INFO pushing partial state updateID=fe6894ddad50f8d7c03bf78e"
time=2025-06-13T14:11:58.240-07:00 level=INFO msg="INFO pushing partial state updateID=fe6894ddad50f8d7c03bf78e"
time=2025-06-13T14:11:58.246-07:00 level=INFO msg="rpc request" method=POST url=/rpc
time=2025-06-13T14:11:58.746-07:00 level=INFO msg="INFO pushing partial state updateID=fe6894ddad50f8d7c03bf78e"
time=2025-06-13T14:12:01.875-07:00 level=INFO msg="INFO pushing partial state updateID=fe6894ddad50f8d7c03bf78e"
time=2025-06-13T14:12:01.881-07:00 level=INFO msg="rpc request" method=POST url=/rpc
time=2025-06-13T14:12:02.377-07:00 level=INFO msg="INFO pushing partial state updateID=fe6894ddad50f8d7c03bf78e"
time=2025-06-13T14:12:32.996-07:00 level=INFO msg="INFO pushing partial state updateID=fe6894ddad50f8d7c03bf78e"
time=2025-06-13T14:12:33.502-07:00 level=INFO msg="INFO pushing partial state updateID=fe6894ddad50f8d7c03bf78e"
time=2025-06-13T14:13:12.461-07:00 level=INFO msg="rpc request" method=POST url=/rpc
time=2025-06-13T14:13:12.500-07:00 level=INFO msg="INFO pushing partial state updateID=fe6894ddad50f8d7c03bf78e"
time=2025-06-13T14:13:13.005-07:00 level=INFO msg="INFO pushing partial state updateID=fe6894ddad50f8d7c03bf78e"
time=2025-06-13T14:13:15.026-07:00 level=INFO msg="INFO pushing partial state updateID=fe6894ddad50f8d7c03bf78e"
time=2025-06-13T14:13:16.844-07:00 level=INFO msg="INFO pushing partial state updateID=fe6894ddad50f8d7c03bf78e"
time=2025-06-13T14:13:16.874-07:00 level=INFO msg="rpc request" method=POST url=/rpc
time=2025-06-13T14:13:16.878-07:00 level=INFO msg="rpc request" method=POST url=/rpc
time=2025-06-13T14:13:16.883-07:00 level=INFO msg="rpc request" method=POST url=/rpc
time=2025-06-13T14:13:16.887-07:00 level=INFO msg="rpc request" method=POST url=/rpc
time=2025-06-13T14:13:17.248-07:00 level=INFO msg="INFO pushing partial state updateID=fe6894ddad50f8d7c03bf78e"
time=2025-06-13T14:13:17.599-07:00 level=INFO msg="INFO pushing partial state updateID=fe6894ddad50f8d7c03bf78e"
time=2025-06-13T14:13:42.604-07:00 level=INFO msg="INFO pushing partial state updateID=fe6894ddad50f8d7c03bf78e"
time=2025-06-13T14:13:46.239-07:00 level=INFO msg="INFO pushing partial state updateID=fe6894ddad50f8d7c03bf78e"
time=2025-06-13T14:17:36.688-07:00 level=INFO msg="INFO pushing partial state updateID=fe6894ddad50f8d7c03bf78e"
time=2025-06-13T14:17:36.695-07:00 level=INFO msg="pulumi exited" service=project.run updateID=fe6894ddad50f8d7c03bf78e err=<nil>
time=2025-06-13T14:17:36.695-07:00 level=INFO msg="eof and exited" service=project.run updateID=fe6894ddad50f8d7c03bf78e eofs=0
time=2025-06-13T14:17:36.695-07:00 level=INFO msg="eof and exited" service=project.run updateID=fe6894ddad50f8d7c03bf78e eofs=1
time=2025-06-13T14:17:36.695-07:00 level=INFO msg="breaking out of tail loop" service=project.run updateID=fe6894ddad50f8d7c03bf78e
time=2025-06-13T14:17:36.695-07:00 level=INFO msg="parsing state" service=project.run updateID=fe6894ddad50f8d7c03bf78e
time=2025-06-13T14:17:36.700-07:00 level=INFO msg="generating types" root=/Users/ramos/emdash/did-you-em-dash
time=2025-06-13T14:17:36.701-07:00 level=INFO msg="canceling partial" service=project.run updateID=fe6894ddad50f8d7c03bf78e
time=2025-06-13T14:17:36.702-07:00 level=INFO msg="waiting for partial to exit" service=project.run updateID=fe6894ddad50f8d7c03bf78e
time=2025-06-13T14:17:37.077-07:00 level=INFO msg="INFO pushing snapshot updateID=fe6894ddad50f8d7c03bf78e"
time=2025-06-13T14:17:37.077-07:00 level=INFO msg="INFO pushing eventlog updateID=fe6894ddad50f8d7c03bf78e"
time=2025-06-13T14:17:37.478-07:00 level=INFO msg="INFO putting update app=did-you-em-dash stage=production"
time=2025-06-13T14:17:37.638-07:00 level=INFO msg="done running stack command" service=project.run updateID=fe6894ddad50f8d7c03bf78e resources=30
time=2025-06-13T14:17:37.646-07:00 level=INFO msg="INFO unlocking app=did-you-em-dash stage=production"
time=2025-06-13T14:17:37.784-07:00 level=INFO msg="shutting down server" service=server
time=2025-06-13T14:17:37.786-07:00 level=INFO msg="server done" service=server
